<?xml version="1.0" encoding="UTF-8"?>
<!-- Generated by org.testng.reporters.JUnitXMLReporter -->
<testsuite hostname="TSPREA01LAPA35" name="smokeScenario" tests="8" failures="0" timestamp="31 May 2017 13:54:35 GMT" time="148.287" errors="0">
  <testcase name="testHomePage" time="1.83" classname="testcases.Verify_Agronomy"/>
  <testcase name="testHomePage" time="24.516" classname="testcases.Verify_ConservationTechnicalAssistance"/>
  <testcase name="testHomePage" time="26.182" classname="testcases.Verify_ConservationPlanning"/>
  <testcase name="testHomePage" time="3.509" classname="testcases.Verify_CulturalResources"/>
  <testcase name="testHomePage" time="1.649" classname="testcases.Verify_DataMapsAnalysis"/>
  <testcase name="testHomePage" time="23.834" classname="testcases.Verify_Economics"/>
  <testcase name="testHomePage" time="1.898" classname="testcases.Verify_Biology"/>
  <testcase name="testHomePage" time="3.646" classname="testcases.Verify_EcologicalScience"/>
</testsuite> <!-- smokeScenario -->
